{"/Users/Oleksandr_Tilha1/Documents/vue-test/src/components/Filters/Filters.vue": {"path":"/Users/Oleksandr_Tilha1/Documents/vue-test/src/components/Filters/Filters.vue","statementMap":{"0":{"start":{"line":19,"column":15},"end":{"line":37,"column":null}},"1":{"start":{"line":21,"column":16},"end":{"line":21,"column":null}},"2":{"start":{"line":28,"column":31},"end":{"line":28,"column":null}},"3":{"start":{"line":30,"column":6},"end":{"line":34,"column":null}},"4":{"start":{"line":31,"column":8},"end":{"line":31,"column":null}},"5":{"start":{"line":33,"column":8},"end":{"line":33,"column":null}},"6":{"start":{"line":2,"column":7},"end":{"line":2,"column":null}},"7":{"start":{"line":3,"column":9},"end":{"line":3,"column":31}}},"fnMap":{"0":{"name":"(anonymous_0)","decl":{"start":{"line":21,"column":9},"end":{"line":21,"column":16}},"loc":{"start":{"line":21,"column":16},"end":{"line":21,"column":null}}},"1":{"name":"(anonymous_1)","decl":{"start":{"line":27,"column":14},"end":{"line":27,"column":15}},"loc":{"start":{"line":27,"column":39},"end":{"line":35,"column":null}}}},"branchMap":{"0":{"loc":{"start":{"line":30,"column":6},"end":{"line":34,"column":null}},"type":"if","locations":[{"start":{"line":30,"column":6},"end":{"line":34,"column":null}},{"start":{"line":32,"column":13},"end":{"line":34,"column":null}}]}},"s":{"0":2,"1":3,"2":2,"3":2,"4":1,"5":1,"6":2,"7":2},"f":{"0":3,"1":2},"b":{"0":[1,1]}}
,"/Users/Oleksandr_Tilha1/Documents/vue-test/src/components/Header/Header.vue": {"path":"/Users/Oleksandr_Tilha1/Documents/vue-test/src/components/Header/Header.vue","statementMap":{"0":{"start":{"line":6,"column":15},"end":{"line":9,"column":null}},"1":{"start":{"line":8,"column":16},"end":{"line":8,"column":null}},"2":{"start":{"line":2,"column":5},"end":{"line":2,"column":26}},"3":{"start":{"line":2,"column":26},"end":{"line":2,"column":63}},"4":{"start":{"line":2,"column":2},"end":{"line":2,"column":75}}},"fnMap":{"0":{"name":"(anonymous_0)","decl":{"start":{"line":8,"column":9},"end":{"line":8,"column":16}},"loc":{"start":{"line":8,"column":16},"end":{"line":8,"column":null}}}},"branchMap":{},"s":{"0":2,"1":2,"2":2,"3":2,"4":2},"f":{"0":2},"b":{}}
,"/Users/Oleksandr_Tilha1/Documents/vue-test/src/components/MovieItem/MovieItem.vue": {"path":"/Users/Oleksandr_Tilha1/Documents/vue-test/src/components/MovieItem/MovieItem.vue","statementMap":{"0":{"start":{"line":17,"column":15},"end":{"line":26,"column":null}},"1":{"start":{"line":19,"column":16},"end":{"line":19,"column":null}},"2":{"start":{"line":2,"column":7},"end":{"line":2,"column":null}},"3":{"start":{"line":4,"column":9},"end":{"line":4,"column":null}},"4":{"start":{"line":5,"column":11},"end":{"line":5,"column":null}},"5":{"start":{"line":6,"column":13},"end":{"line":6,"column":45}},"6":{"start":{"line":7,"column":13},"end":{"line":7,"column":45}},"7":{"start":{"line":9,"column":11},"end":{"line":9,"column":null}},"8":{"start":{"line":10,"column":13},"end":{"line":10,"column":46}}},"fnMap":{"0":{"name":"(anonymous_0)","decl":{"start":{"line":19,"column":9},"end":{"line":19,"column":16}},"loc":{"start":{"line":19,"column":16},"end":{"line":19,"column":null}}}},"branchMap":{},"s":{"0":3,"1":21,"2":3,"3":3,"4":3,"5":3,"6":3,"7":3,"8":3},"f":{"0":21},"b":{}}
,"/Users/Oleksandr_Tilha1/Documents/vue-test/src/components/MovieList/MovieList.vue": {"path":"/Users/Oleksandr_Tilha1/Documents/vue-test/src/components/MovieList/MovieList.vue","statementMap":{"0":{"start":{"line":20,"column":15},"end":{"line":33,"column":null}},"1":{"start":{"line":23,"column":28},"end":{"line":23,"column":null}},"2":{"start":{"line":25,"column":4},"end":{"line":27,"column":null}},"3":{"start":{"line":26,"column":6},"end":{"line":26,"column":null}},"4":{"start":{"line":2,"column":7},"end":{"line":2,"column":null}},"5":{"start":{"line":3,"column":4},"end":{"line":9,"column":null}}},"fnMap":{"0":{"name":"(anonymous_0)","decl":{"start":{"line":22,"column":9},"end":{"line":22,"column":15}},"loc":{"start":{"line":22,"column":15},"end":{"line":28,"column":null}}},"1":{"name":"(anonymous_1)","decl":{"start":{"line":25,"column":14},"end":{"line":25,"column":20}},"loc":{"start":{"line":25,"column":20},"end":{"line":27,"column":5}}}},"branchMap":{},"s":{"0":2,"1":2,"2":2,"3":2,"4":2,"5":20},"f":{"0":2,"1":2},"b":{}}
,"/Users/Oleksandr_Tilha1/Documents/vue-test/src/components/Search/Search.vue": {"path":"/Users/Oleksandr_Tilha1/Documents/vue-test/src/components/Search/Search.vue","statementMap":{"0":{"start":{"line":29,"column":15},"end":{"line":58,"column":null}},"1":{"start":{"line":32,"column":18},"end":{"line":32,"column":null}},"2":{"start":{"line":34,"column":4},"end":{"line":36,"column":null}},"3":{"start":{"line":43,"column":33},"end":{"line":43,"column":null}},"4":{"start":{"line":45,"column":6},"end":{"line":49,"column":null}},"5":{"start":{"line":46,"column":8},"end":{"line":46,"column":null}},"6":{"start":{"line":48,"column":8},"end":{"line":48,"column":null}},"7":{"start":{"line":52,"column":31},"end":{"line":52,"column":null}},"8":{"start":{"line":54,"column":6},"end":{"line":54,"column":null}},"9":{"start":{"line":55,"column":6},"end":{"line":55,"column":null}},"10":{"start":{"line":2,"column":7},"end":{"line":2,"column":null}},"11":{"start":{"line":3,"column":4},"end":{"line":3,"column":49}},"12":{"start":{"line":4,"column":9},"end":{"line":4,"column":null}},"13":{"start":{"line":9,"column":17},"end":{"line":9,"column":null}},"14":{"start":{"line":11,"column":57},"end":{"line":11,"column":74}}},"fnMap":{"0":{"name":"(anonymous_0)","decl":{"start":{"line":31,"column":9},"end":{"line":31,"column":15}},"loc":{"start":{"line":31,"column":15},"end":{"line":37,"column":null}}},"1":{"name":"(anonymous_1)","decl":{"start":{"line":42,"column":14},"end":{"line":42,"column":15}},"loc":{"start":{"line":42,"column":39},"end":{"line":50,"column":null}}},"2":{"name":"(anonymous_2)","decl":{"start":{"line":51,"column":14},"end":{"line":51,"column":15}},"loc":{"start":{"line":51,"column":33},"end":{"line":56,"column":null}}},"3":{"name":"(anonymous_4)","decl":{"start":{"line":8,"column":13},"end":{"line":8,"column":null}},"loc":{"start":{"line":9,"column":17},"end":{"line":9,"column":null}}},"4":{"name":"(anonymous_5)","decl":{"start":{"line":11,"column":55},"end":{"line":11,"column":57}},"loc":{"start":{"line":11,"column":57},"end":{"line":11,"column":74}}}},"branchMap":{"0":{"loc":{"start":{"line":45,"column":6},"end":{"line":49,"column":null}},"type":"if","locations":[{"start":{"line":45,"column":6},"end":{"line":49,"column":null}},{"start":{"line":47,"column":13},"end":{"line":49,"column":null}}]},"1":{"loc":{"start":{"line":8,"column":13},"end":{"line":9,"column":null}},"type":"binary-expr","locations":[{"start":{"line":8,"column":13},"end":{"line":8,"column":null}},{"start":{"line":8,"column":13},"end":{"line":9,"column":null}}]},"2":{"loc":{"start":{"line":11,"column":55},"end":{"line":11,"column":74}},"type":"binary-expr","locations":[{"start":{"line":11,"column":55},"end":{"line":11,"column":57}},{"start":{"line":11,"column":55},"end":{"line":11,"column":74}}]}},"s":{"0":2,"1":4,"2":4,"3":2,"4":2,"5":1,"6":1,"7":1,"8":1,"9":1,"10":2,"11":2,"12":2,"13":1,"14":1},"f":{"0":4,"1":2,"2":1,"3":1,"4":1},"b":{"0":[1,1],"1":[5,4],"2":[5,4]}}
,"/Users/Oleksandr_Tilha1/Documents/vue-test/src/components/Toggle/Toggle.vue": {"path":"/Users/Oleksandr_Tilha1/Documents/vue-test/src/components/Toggle/Toggle.vue","statementMap":{"0":{"start":{"line":28,"column":15},"end":{"line":49,"column":null}},"1":{"start":{"line":30,"column":16},"end":{"line":30,"column":null}},"2":{"start":{"line":39,"column":4},"end":{"line":41,"column":null}},"3":{"start":{"line":45,"column":6},"end":{"line":45,"column":null}},"4":{"start":{"line":46,"column":6},"end":{"line":46,"column":null}},"5":{"start":{"line":2,"column":7},"end":{"line":2,"column":null}},"6":{"start":{"line":3,"column":9},"end":{"line":3,"column":33}},"7":{"start":{"line":8,"column":14},"end":{"line":8,"column":null}},"8":{"start":{"line":16,"column":14},"end":{"line":16,"column":null}}},"fnMap":{"0":{"name":"(anonymous_0)","decl":{"start":{"line":30,"column":9},"end":{"line":30,"column":16}},"loc":{"start":{"line":30,"column":16},"end":{"line":30,"column":null}}},"1":{"name":"(anonymous_1)","decl":{"start":{"line":38,"column":8},"end":{"line":38,"column":20}},"loc":{"start":{"line":38,"column":20},"end":{"line":42,"column":null}}},"2":{"name":"(anonymous_2)","decl":{"start":{"line":44,"column":4},"end":{"line":44,"column":17}},"loc":{"start":{"line":44,"column":38},"end":{"line":47,"column":null}}},"3":{"name":"(anonymous_4)","decl":{"start":{"line":8,"column":12},"end":{"line":8,"column":14}},"loc":{"start":{"line":8,"column":14},"end":{"line":8,"column":null}}},"4":{"name":"(anonymous_5)","decl":{"start":{"line":16,"column":12},"end":{"line":16,"column":14}},"loc":{"start":{"line":16,"column":14},"end":{"line":16,"column":null}}}},"branchMap":{"0":{"loc":{"start":{"line":8,"column":12},"end":{"line":8,"column":null}},"type":"binary-expr","locations":[{"start":{"line":8,"column":12},"end":{"line":8,"column":14}},{"start":{"line":8,"column":12},"end":{"line":8,"column":null}}]},"1":{"loc":{"start":{"line":16,"column":12},"end":{"line":16,"column":null}},"type":"binary-expr","locations":[{"start":{"line":16,"column":12},"end":{"line":16,"column":14}},{"start":{"line":16,"column":12},"end":{"line":16,"column":null}}]}},"s":{"0":4,"1":8,"2":8,"3":4,"4":4,"5":4,"6":4,"7":2,"8":2},"f":{"0":8,"1":8,"2":4,"3":2,"4":2},"b":{"0":[12,8],"1":[12,8]}}
,"/Users/Oleksandr_Tilha1/Documents/vue-test/src/directives/Active/Active.ts": {"path":"/Users/Oleksandr_Tilha1/Documents/vue-test/src/directives/Active/Active.ts","statementMap":{"0":{"start":{"line":1,"column":20},"end":{"line":10,"column":null}},"1":{"start":{"line":5,"column":2},"end":{"line":9,"column":null}},"2":{"start":{"line":6,"column":4},"end":{"line":6,"column":null}},"3":{"start":{"line":8,"column":4},"end":{"line":8,"column":null}},"4":{"start":{"line":12,"column":22},"end":{"line":15,"column":null}}},"fnMap":{"0":{"name":"(anonymous_0)","decl":{"start":{"line":1,"column":20},"end":{"line":1,"column":null}},"loc":{"start":{"line":4,"column":5},"end":{"line":10,"column":null}}}},"branchMap":{"0":{"loc":{"start":{"line":5,"column":2},"end":{"line":9,"column":null}},"type":"if","locations":[{"start":{"line":5,"column":2},"end":{"line":9,"column":null}},{"start":{"line":7,"column":9},"end":{"line":9,"column":null}}]}},"s":{"0":4,"1":24,"2":12,"3":12,"4":4},"f":{"0":24},"b":{"0":[12,12]}}
,"/Users/Oleksandr_Tilha1/Documents/vue-test/src/state/useMoviesStore.ts": {"path":"/Users/Oleksandr_Tilha1/Documents/vue-test/src/state/useMoviesStore.ts","statementMap":{"0":{"start":{"line":14,"column":23},"end":{"line":79,"column":null}},"1":{"start":{"line":15,"column":17},"end":{"line":15,"column":null}},"2":{"start":{"line":16,"column":17},"end":{"line":16,"column":null}},"3":{"start":{"line":17,"column":19},"end":{"line":17,"column":null}},"4":{"start":{"line":18,"column":17},"end":{"line":18,"column":null}},"5":{"start":{"line":20,"column":25},"end":{"line":36,"column":null}},"6":{"start":{"line":21,"column":4},"end":{"line":35,"column":null}},"7":{"start":{"line":23,"column":8},"end":{"line":25,"column":null}},"8":{"start":{"line":29,"column":8},"end":{"line":34,"column":null}},"9":{"start":{"line":29,"column":37},"end":{"line":29,"column":null}},"10":{"start":{"line":31,"column":20},"end":{"line":31,"column":null}},"11":{"start":{"line":32,"column":20},"end":{"line":32,"column":null}},"12":{"start":{"line":33,"column":10},"end":{"line":33,"column":null}},"13":{"start":{"line":39,"column":4},"end":{"line":39,"column":null}},"14":{"start":{"line":43,"column":4},"end":{"line":43,"column":null}},"15":{"start":{"line":47,"column":4},"end":{"line":47,"column":null}},"16":{"start":{"line":53,"column":20},"end":{"line":53,"column":null}},"17":{"start":{"line":54,"column":18},"end":{"line":54,"column":null}},"18":{"start":{"line":55,"column":20},"end":{"line":55,"column":null}},"19":{"start":{"line":56,"column":21},"end":{"line":62,"column":null}},"20":{"start":{"line":56,"column":62},"end":{"line":62,"column":6}},"21":{"start":{"line":63,"column":4},"end":{"line":63,"column":null}},"22":{"start":{"line":69,"column":2},"end":{"line":78,"column":null}}},"fnMap":{"0":{"name":"(anonymous_0)","decl":{"start":{"line":14,"column":44},"end":{"line":14,"column":50}},"loc":{"start":{"line":14,"column":50},"end":{"line":79,"column":1}}},"1":{"name":"(anonymous_1)","decl":{"start":{"line":20,"column":34},"end":{"line":20,"column":40}},"loc":{"start":{"line":20,"column":40},"end":{"line":36,"column":3}}},"2":{"name":"(anonymous_2)","decl":{"start":{"line":22,"column":14},"end":{"line":22,"column":15}},"loc":{"start":{"line":22,"column":25},"end":{"line":27,"column":7}}},"3":{"name":"(anonymous_3)","decl":{"start":{"line":28,"column":12},"end":{"line":28,"column":13}},"loc":{"start":{"line":28,"column":22},"end":{"line":35,"column":7}}},"4":{"name":"changeSearch","decl":{"start":{"line":38,"column":11},"end":{"line":38,"column":24}},"loc":{"start":{"line":38,"column":39},"end":{"line":40,"column":null}}},"5":{"name":"changeSearchBy","decl":{"start":{"line":42,"column":11},"end":{"line":42,"column":26}},"loc":{"start":{"line":42,"column":44},"end":{"line":44,"column":null}}},"6":{"name":"changeSortBy","decl":{"start":{"line":46,"column":11},"end":{"line":46,"column":24}},"loc":{"start":{"line":46,"column":40},"end":{"line":48,"column":null}}},"7":{"name":"fetchMovies","decl":{"start":{"line":50,"column":17},"end":{"line":50,"column":31}},"loc":{"start":{"line":50,"column":31},"end":{"line":67,"column":null}}},"8":{"name":"(anonymous_8)","decl":{"start":{"line":56,"column":54},"end":{"line":56,"column":55}},"loc":{"start":{"line":56,"column":62},"end":{"line":62,"column":6}}}},"branchMap":{"0":{"loc":{"start":{"line":24,"column":10},"end":{"line":25,"column":null}},"type":"binary-expr","locations":[{"start":{"line":24,"column":10},"end":{"line":24,"column":null}},{"start":{"line":25,"column":10},"end":{"line":25,"column":null}}]},"1":{"loc":{"start":{"line":29,"column":8},"end":{"line":34,"column":null}},"type":"if","locations":[{"start":{"line":29,"column":8},"end":{"line":34,"column":null}},{"start":{"line":30,"column":13},"end":{"line":34,"column":null}}]},"2":{"loc":{"start":{"line":33,"column":17},"end":{"line":33,"column":null}},"type":"cond-expr","locations":[{"start":{"line":33,"column":25},"end":{"line":33,"column":30}},{"start":{"line":33,"column":30},"end":{"line":33,"column":null}}]},"3":{"loc":{"start":{"line":33,"column":30},"end":{"line":33,"column":null}},"type":"cond-expr","locations":[{"start":{"line":33,"column":38},"end":{"line":33,"column":42}},{"start":{"line":33,"column":42},"end":{"line":33,"column":null}}]},"4":{"loc":{"start":{"line":63,"column":19},"end":{"line":63,"column":null}},"type":"binary-expr","locations":[{"start":{"line":63,"column":19},"end":{"line":63,"column":31}},{"start":{"line":63,"column":31},"end":{"line":63,"column":null}}]}},"s":{"0":5,"1":11,"2":11,"3":11,"4":11,"5":11,"6":9,"7":40,"8":72,"9":69,"10":3,"11":3,"12":3,"13":3,"14":4,"15":4,"16":4,"17":4,"18":4,"19":4,"20":40,"21":4,"22":11},"f":{"0":11,"1":9,"2":40,"3":72,"4":3,"5":4,"6":4,"7":4,"8":40},"b":{"0":[40,10],"1":[69,3],"2":[3,0],"3":[0,0],"4":[4,0]}}
,"/Users/Oleksandr_Tilha1/Documents/vue-test/src/views/About/AboutView.vue": {"path":"/Users/Oleksandr_Tilha1/Documents/vue-test/src/views/About/AboutView.vue","statementMap":{"0":{"start":{"line":3,"column":4},"end":{"line":3,"column":8}}},"fnMap":{},"branchMap":{},"s":{"0":1},"f":{},"b":{}}
,"/Users/Oleksandr_Tilha1/Documents/vue-test/src/views/Home/HomeView.vue": {"path":"/Users/Oleksandr_Tilha1/Documents/vue-test/src/views/Home/HomeView.vue","statementMap":{"0":{"start":{"line":14,"column":15},"end":{"line":21,"column":null}}},"fnMap":{},"branchMap":{},"s":{"0":1},"f":{},"b":{}}
}
